[4423:4423:1108/084629:ERROR:sandbox_linux.cc(343)] InitializeSandbox() called with multiple threads in process gpu-process. 
[4353:4384:1108/084630:ERROR:gcm_store_impl.cc(306)] Failed to open database /home/marcus/.config/google-chrome/Default/GCM Store: Invalid argument: /home/marcus/.config/google-chrome/Default/GCM Store: does not exist (create_if_missing is false)
[4353:4384:1108/084630:ERROR:gcm_store_impl.cc(306)] Failed to open database /home/marcus/.config/google-chrome/Default/GCM Store: Invalid argument: /home/marcus/.config/google-chrome/Default/GCM Store: does not exist (create_if_missing is false)
A Parser-blocking, cross-origin script, http://www.bbc.co.uk/wwscripts/flag, is invoked via document.write. This may be blocked by the browser if the device has poor network connectivity.
A Parser-blocking, cross-origin script, http://www.bbc.co.uk/wwscripts/flag, is invoked via document.write. This may be blocked by the browser if the device has poor network connectivity.
A Parser-blocking, cross-origin script, http://static.bbci.co.uk/bbcdotcom/1.33.0/script/dist/bbcdotcom.js, is invoked via document.write. This may be blocked by the browser if the device has poor network connectivity.
A Parser-blocking, cross-origin script, http://static.bbci.co.uk/bbcdotcom/1.33.0/script/dist/bbcdotcom.js, is invoked via document.write. This may be blocked by the browser if the device has poor network connectivity.
[4353:4353:1108/090508:ERROR:navigation_entry_screenshot_manager.cc(141)] Invalid entry with unique id: 50

** (gnome-terminal.real:6193): WARNING **: Couldn't register with accessibility bus: Did not receive a reply. Possible causes include: the remote application did not send a reply, the message bus security policy blocked the reply, the reply timeout expired, or the network connection was broken.
[2620564]   WARN - ewvfs.persistent.RefreshWorker - [+] fs=LocalFileSystem dir=file:///home/marcus name=.gvfs 
[2629195]   WARN - mponents.impl.stores.StoreUtil - Save settings failed 
java.lang.RuntimeException: java.io.IOException: /var/www/FlaskApp/.idea not found
	at com.intellij.util.lang.CompoundRuntimeException.throwIfNotEmpty(CompoundRuntimeException.java:151)
	at com.intellij.configurationStore.ComponentStoreImpl.save(ComponentStoreImpl.kt:166)
	at com.intellij.configurationStore.ProjectWithModulesStoreImpl.beforeSave(ProjectStoreImpl.kt:344)
	at com.intellij.configurationStore.ProjectStoreImpl.doSave(ProjectStoreImpl.kt:285)
	at com.intellij.configurationStore.ComponentStoreImpl.save(ComponentStoreImpl.kt:164)
	at com.intellij.openapi.components.impl.stores.StoreUtil.save(StoreUtil.java:49)
	at com.intellij.openapi.project.impl.ProjectImpl.save(ProjectImpl.java:343)
	at com.intellij.platform.PlatformProjectOpenProcessor.doOpenProject(PlatformProjectOpenProcessor.java:212)
	at com.intellij.ide.actions.OpenFileAction.doOpenFile(OpenFileAction.java:82)
	at com.intellij.ide.actions.OpenFileAction.lambda$actionPerformed$0(OpenFileAction.java:66)
	at com.intellij.openapi.fileChooser.ex.FileChooserDialogImpl.choose(FileChooserDialogImpl.java:163)
	at com.intellij.openapi.fileChooser.FileChooser.chooseFiles(FileChooser.java:111)
	at com.intellij.openapi.fileChooser.FileChooser.chooseFiles(FileChooser.java:89)
	at com.intellij.ide.actions.OpenFileAction.actionPerformed(OpenFileAction.java:58)
	at com.intellij.ui.components.labels.ActionLink$1.linkSelected(ActionLink.java:66)
	at com.intellij.ui.components.labels.LinkLabel.doClick(LinkLabel.java:145)
	at com.intellij.ui.components.labels.ActionLink.doClick(ActionLink.java:79)
	at com.intellij.ui.components.labels.LinkLabel$MyMouseHandler.mouseReleased(LinkLabel.java:328)
	at java.awt.Component.processMouseEvent(Component.java:6533)
	at javax.swing.JComponent.processMouseEvent(JComponent.java:3324)
	at java.awt.Component.processEvent(Component.java:6298)
	at java.awt.Container.processEvent(Container.java:2236)
	at java.awt.Component.dispatchEventImpl(Component.java:4889)
	at java.awt.Container.dispatchEventImpl(Container.java:2294)
	at java.awt.Component.dispatchEvent(Component.java:4711)
	at java.awt.LightweightDispatcher.retargetMouseEvent(Container.java:4888)
	at java.awt.LightweightDispatcher.processMouseEvent(Container.java:4525)
	at java.awt.LightweightDispatcher.dispatchEvent(Container.java:4466)
	at java.awt.Container.dispatchEventImpl(Container.java:2280)
	at java.awt.Window.dispatchEventImpl(Window.java:2746)
	at java.awt.Component.dispatchEvent(Component.java:4711)
	at java.awt.EventQueue.dispatchEventImpl(EventQueue.java:758)
	at java.awt.EventQueue.access$500(EventQueue.java:97)
	at java.awt.EventQueue$3.run(EventQueue.java:709)
	at java.awt.EventQueue$3.run(EventQueue.java:703)
	at java.security.AccessController.doPrivileged(Native Method)
	at java.security.ProtectionDomain$JavaSecurityAccessImpl.doIntersectionPrivilege(ProtectionDomain.java:80)
	at java.security.ProtectionDomain$JavaSecurityAccessImpl.doIntersectionPrivilege(ProtectionDomain.java:90)
	at java.awt.EventQueue$4.run(EventQueue.java:731)
	at java.awt.EventQueue$4.run(EventQueue.java:729)
	at java.security.AccessController.doPrivileged(Native Method)
	at java.security.ProtectionDomain$JavaSecurityAccessImpl.doIntersectionPrivilege(ProtectionDomain.java:80)
	at java.awt.EventQueue.dispatchEvent(EventQueue.java:728)
	at com.intellij.ide.IdeEventQueue.defaultDispatchEvent(IdeEventQueue.java:793)
	at com.intellij.ide.IdeEventQueue._dispatchEvent(IdeEventQueue.java:625)
	at com.intellij.ide.IdeEventQueue.dispatchEvent(IdeEventQueue.java:385)
	at java.awt.EventDispatchThread.pumpOneEventForFilters(EventDispatchThread.java:201)
	at java.awt.EventDispatchThread.pumpEventsForFilter(EventDispatchThread.java:116)
	at java.awt.EventDispatchThread.pumpEventsForHierarchy(EventDispatchThread.java:105)
	at java.awt.EventDispatchThread.pumpEvents(EventDispatchThread.java:101)
	at java.awt.EventDispatchThread.pumpEvents(EventDispatchThread.java:93)
	at java.awt.EventDispatchThread.run(EventDispatchThread.java:82)
Caused by: java.io.IOException: /var/www/FlaskApp/.idea not found
	at com.intellij.openapi.components.impl.stores.StorageUtil.getOrCreateVirtualFile(StorageUtil.java:172)
	at com.intellij.configurationStore.FileBasedStorageKt.writeFile(FileBasedStorage.kt:155)
	at com.intellij.configurationStore.FileBasedStorage$FileSaveSession.saveLocally(FileBasedStorage.kt:96)
	at com.intellij.configurationStore.XmlElementStorage$XmlElementStorageSaveSession.save(XmlElementStorage.kt:147)
	at com.intellij.configurationStore.FileBasedStorage$FileSaveSession.save(FileBasedStorage.kt:81)
	at com.intellij.configurationStore.ComponentStoreImplKt.executeSave(ComponentStoreImpl.kt:446)
	at com.intellij.configurationStore.ComponentStoreImpl.doSave(ComponentStoreImpl.kt:217)
	at com.intellij.configurationStore.ComponentStoreImpl.save(ComponentStoreImpl.kt:164)
	... 50 more
[2632099]   WARN - tartup.impl.StartupManagerImpl - /var/www/FlaskApp/.idea 
java.io.FileNotFoundException: /var/www/FlaskApp/.idea
	at com.intellij.openapi.util.io.FileUtil.isFileSystemCaseSensitive(FileUtil.java:1694)
	at com.intellij.ide.startup.impl.StartupManagerImpl.checkFsSanity(StartupManagerImpl.java:249)
	at com.intellij.ide.startup.impl.StartupManagerImpl.runPostStartupActivities(StartupManagerImpl.java:171)
	at com.intellij.openapi.project.impl.ProjectManagerImpl.lambda$null$4(ProjectManagerImpl.java:343)
	at com.intellij.openapi.application.TransactionGuardImpl$6.run(TransactionGuardImpl.java:291)
	at com.intellij.openapi.application.impl.LaterInvocator$FlushQueue.runNextEvent(LaterInvocator.java:326)
	at com.intellij.openapi.application.impl.LaterInvocator$FlushQueue.run(LaterInvocator.java:310)
	at java.awt.event.InvocationEvent.dispatch(InvocationEvent.java:311)
	at java.awt.EventQueue.dispatchEventImpl(EventQueue.java:756)
	at java.awt.EventQueue.access$500(EventQueue.java:97)
	at java.awt.EventQueue$3.run(EventQueue.java:709)
	at java.awt.EventQueue$3.run(EventQueue.java:703)
	at java.security.AccessController.doPrivileged(Native Method)
	at java.security.ProtectionDomain$JavaSecurityAccessImpl.doIntersectionPrivilege(ProtectionDomain.java:80)
	at java.awt.EventQueue.dispatchEvent(EventQueue.java:726)
	at com.intellij.ide.IdeEventQueue.defaultDispatchEvent(IdeEventQueue.java:793)
	at com.intellij.ide.IdeEventQueue._dispatchEvent(IdeEventQueue.java:629)
	at com.intellij.ide.IdeEventQueue.dispatchEvent(IdeEventQueue.java:385)
	at java.awt.EventDispatchThread.pumpOneEventForFilters(EventDispatchThread.java:201)
	at java.awt.EventDispatchThread.pumpEventsForFilter(EventDispatchThread.java:116)
	at java.awt.EventDispatchThread.pumpEventsForHierarchy(EventDispatchThread.java:105)
	at java.awt.EventDispatchThread.pumpEvents(EventDispatchThread.java:101)
	at java.awt.EventDispatchThread.pumpEvents(EventDispatchThread.java:93)
	at java.awt.EventDispatchThread.run(EventDispatchThread.java:82)
[2634311]   WARN - ewvfs.persistent.RefreshWorker - [+] fs=LocalFileSystem dir=file:///home/marcus name=.gvfs 
[2639910]   WARN - python.packaging.PyPackageUtil - Cannot run program "/home/marcus/virtualenvs/erkenlabdataframeworkenv/bin/python3" (in directory "/home/marcus/virtualenvs/erkenlabdataframeworkenv/bin"): error=2, No such file or directory 
[2655421]   WARN - mponents.impl.stores.StoreUtil - Save settings failed 
java.lang.RuntimeException: java.io.IOException: /var/www/FlaskApp/.idea not found
	at com.intellij.util.lang.CompoundRuntimeException.throwIfNotEmpty(CompoundRuntimeException.java:151)
	at com.intellij.configurationStore.ComponentStoreImpl.save(ComponentStoreImpl.kt:166)
	at com.intellij.configurationStore.ProjectWithModulesStoreImpl.beforeSave(ProjectStoreImpl.kt:344)
	at com.intellij.configurationStore.ProjectStoreImpl.doSave(ProjectStoreImpl.kt:285)
	at com.intellij.configurationStore.ComponentStoreImpl.save(ComponentStoreImpl.kt:164)
	at com.intellij.openapi.components.impl.stores.StoreUtil.save(StoreUtil.java:49)
	at com.intellij.openapi.project.impl.ProjectImpl.save(ProjectImpl.java:343)
	at com.intellij.openapi.project.impl.ProjectManagerImpl.closeProject(ProjectManagerImpl.java:557)
	at com.intellij.openapi.application.impl.ApplicationImpl.lambda$disposeSelf$5(ApplicationImpl.java:227)
	at com.intellij.openapi.command.impl.CoreCommandProcessor.executeCommand(CoreCommandProcessor.java:129)
	at com.intellij.openapi.command.impl.CoreCommandProcessor.executeCommand(CoreCommandProcessor.java:100)
	at com.intellij.openapi.command.impl.CoreCommandProcessor.executeCommand(CoreCommandProcessor.java:86)
	at com.intellij.openapi.application.impl.ApplicationImpl.disposeSelf(ApplicationImpl.java:226)
	at com.intellij.openapi.application.impl.ApplicationImpl.doExit(ApplicationImpl.java:757)
	at com.intellij.openapi.application.impl.ApplicationImpl.lambda$exit$13(ApplicationImpl.java:734)
	at com.intellij.openapi.application.impl.ApplicationImpl.exit(ApplicationImpl.java:739)
	at com.intellij.openapi.application.impl.ApplicationImpl.exit(ApplicationImpl.java:691)
	at com.intellij.openapi.application.impl.ApplicationImpl.exit(ApplicationImpl.java:686)
	at com.intellij.openapi.wm.impl.IdeFrameImpl$4.windowClosing(IdeFrameImpl.java:269)
	at java.awt.AWTEventMulticaster.windowClosing(AWTEventMulticaster.java:349)
	at java.awt.AWTEventMulticaster.windowClosing(AWTEventMulticaster.java:349)
	at java.awt.Window.processWindowEvent(Window.java:2054)
	at javax.swing.JFrame.processWindowEvent(JFrame.java:305)
	at java.awt.Window.processEvent(Window.java:2013)
	at java.awt.Component.dispatchEventImpl(Component.java:4889)
	at java.awt.Container.dispatchEventImpl(Container.java:2294)
	at java.awt.Window.dispatchEventImpl(Window.java:2746)
	at java.awt.Component.dispatchEvent(Component.java:4711)
	at java.awt.EventQueue.dispatchEventImpl(EventQueue.java:758)
	at java.awt.EventQueue.access$500(EventQueue.java:97)
	at java.awt.EventQueue$3.run(EventQueue.java:709)
	at java.awt.EventQueue$3.run(EventQueue.java:703)
	at java.security.AccessController.doPrivileged(Native Method)
	at java.security.ProtectionDomain$JavaSecurityAccessImpl.doIntersectionPrivilege(ProtectionDomain.java:80)
	at java.security.ProtectionDomain$JavaSecurityAccessImpl.doIntersectionPrivilege(ProtectionDomain.java:90)
	at java.awt.EventQueue$4.run(EventQueue.java:731)
	at java.awt.EventQueue$4.run(EventQueue.java:729)
	at java.security.AccessController.doPrivileged(Native Method)
	at java.security.ProtectionDomain$JavaSecurityAccessImpl.doIntersectionPrivilege(ProtectionDomain.java:80)
	at java.awt.EventQueue.dispatchEvent(EventQueue.java:728)
	at com.intellij.ide.IdeEventQueue.defaultDispatchEvent(IdeEventQueue.java:793)
	at com.intellij.ide.IdeEventQueue._dispatchEvent(IdeEventQueue.java:629)
	at com.intellij.ide.IdeEventQueue.dispatchEvent(IdeEventQueue.java:385)
	at java.awt.EventDispatchThread.pumpOneEventForFilters(EventDispatchThread.java:201)
	at java.awt.EventDispatchThread.pumpEventsForFilter(EventDispatchThread.java:116)
	at java.awt.EventDispatchThread.pumpEventsForHierarchy(EventDispatchThread.java:105)
	at java.awt.EventDispatchThread.pumpEvents(EventDispatchThread.java:101)
	at java.awt.EventDispatchThread.pumpEvents(EventDispatchThread.java:93)
	at java.awt.EventDispatchThread.run(EventDispatchThread.java:82)
Caused by: java.io.IOException: /var/www/FlaskApp/.idea not found
	at com.intellij.openapi.components.impl.stores.StorageUtil.getOrCreateVirtualFile(StorageUtil.java:172)
	at com.intellij.configurationStore.FileBasedStorageKt.writeFile(FileBasedStorage.kt:155)
	at com.intellij.configurationStore.FileBasedStorage$FileSaveSession.saveLocally(FileBasedStorage.kt:96)
	at com.intellij.configurationStore.XmlElementStorage$XmlElementStorageSaveSession.save(XmlElementStorage.kt:147)
	at com.intellij.configurationStore.FileBasedStorage$FileSaveSession.save(FileBasedStorage.kt:81)
	at com.intellij.configurationStore.ComponentStoreImplKt.executeSave(ComponentStoreImpl.kt:446)
	at com.intellij.configurationStore.ComponentStoreImpl.doSave(ComponentStoreImpl.kt:217)
	at com.intellij.configurationStore.ComponentStoreImpl.save(ComponentStoreImpl.kt:164)
	... 47 more

** (gnome-terminal.real:6284): WARNING **: Couldn't register with accessibility bus: Did not receive a reply. Possible causes include: the remote application did not send a reply, the message bus security policy blocked the reply, the reply timeout expired, or the network connection was broken.

** (gnome-terminal.real:8524): WARNING **: Couldn't register with accessibility bus: Did not receive a reply. Possible causes include: the remote application did not send a reply, the message bus security policy blocked the reply, the reply timeout expired, or the network connection was broken.
[4328213]   WARN - ewvfs.persistent.RefreshWorker - [+] fs=LocalFileSystem dir=file:///home/marcus name=.gvfs 
[4348505]   WARN - mponents.impl.stores.StoreUtil - Save settings failed 
java.lang.RuntimeException: java.io.IOException: /var/www/FlaskApp/.idea not found
	at com.intellij.util.lang.CompoundRuntimeException.throwIfNotEmpty(CompoundRuntimeException.java:151)
	at com.intellij.configurationStore.ComponentStoreImpl.save(ComponentStoreImpl.kt:166)
	at com.intellij.configurationStore.ProjectWithModulesStoreImpl.beforeSave(ProjectStoreImpl.kt:344)
	at com.intellij.configurationStore.ProjectStoreImpl.doSave(ProjectStoreImpl.kt:285)
	at com.intellij.configurationStore.ComponentStoreImpl.save(ComponentStoreImpl.kt:164)
	at com.intellij.openapi.components.impl.stores.StoreUtil.save(StoreUtil.java:49)
	at com.intellij.openapi.project.impl.ProjectImpl.save(ProjectImpl.java:343)
	at com.intellij.platform.PlatformProjectOpenProcessor.doOpenProject(PlatformProjectOpenProcessor.java:212)
	at com.intellij.ide.actions.OpenFileAction.doOpenFile(OpenFileAction.java:82)
	at com.intellij.ide.actions.OpenFileAction.lambda$actionPerformed$0(OpenFileAction.java:66)
	at com.intellij.openapi.fileChooser.ex.FileChooserDialogImpl.choose(FileChooserDialogImpl.java:163)
	at com.intellij.openapi.fileChooser.FileChooser.chooseFiles(FileChooser.java:111)
	at com.intellij.openapi.fileChooser.FileChooser.chooseFiles(FileChooser.java:89)
	at com.intellij.ide.actions.OpenFileAction.actionPerformed(OpenFileAction.java:58)
	at com.intellij.ui.components.labels.ActionLink$1.linkSelected(ActionLink.java:66)
	at com.intellij.ui.components.labels.LinkLabel.doClick(LinkLabel.java:145)
	at com.intellij.ui.components.labels.ActionLink.doClick(ActionLink.java:79)
	at com.intellij.ui.components.labels.LinkLabel$MyMouseHandler.mouseReleased(LinkLabel.java:328)
	at java.awt.Component.processMouseEvent(Component.java:6533)
	at javax.swing.JComponent.processMouseEvent(JComponent.java:3324)
	at java.awt.Component.processEvent(Component.java:6298)
	at java.awt.Container.processEvent(Container.java:2236)
	at java.awt.Component.dispatchEventImpl(Component.java:4889)
	at java.awt.Container.dispatchEventImpl(Container.java:2294)
	at java.awt.Component.dispatchEvent(Component.java:4711)
	at java.awt.LightweightDispatcher.retargetMouseEvent(Container.java:4888)
	at java.awt.LightweightDispatcher.processMouseEvent(Container.java:4525)
	at java.awt.LightweightDispatcher.dispatchEvent(Container.java:4466)
	at java.awt.Container.dispatchEventImpl(Container.java:2280)
	at java.awt.Window.dispatchEventImpl(Window.java:2746)
	at java.awt.Component.dispatchEvent(Component.java:4711)
	at java.awt.EventQueue.dispatchEventImpl(EventQueue.java:758)
	at java.awt.EventQueue.access$500(EventQueue.java:97)
	at java.awt.EventQueue$3.run(EventQueue.java:709)
	at java.awt.EventQueue$3.run(EventQueue.java:703)
	at java.security.AccessController.doPrivileged(Native Method)
	at java.security.ProtectionDomain$JavaSecurityAccessImpl.doIntersectionPrivilege(ProtectionDomain.java:80)
	at java.security.ProtectionDomain$JavaSecurityAccessImpl.doIntersectionPrivilege(ProtectionDomain.java:90)
	at java.awt.EventQueue$4.run(EventQueue.java:731)
	at java.awt.EventQueue$4.run(EventQueue.java:729)
	at java.security.AccessController.doPrivileged(Native Method)
	at java.security.ProtectionDomain$JavaSecurityAccessImpl.doIntersectionPrivilege(ProtectionDomain.java:80)
	at java.awt.EventQueue.dispatchEvent(EventQueue.java:728)
	at com.intellij.ide.IdeEventQueue.defaultDispatchEvent(IdeEventQueue.java:793)
	at com.intellij.ide.IdeEventQueue._dispatchEvent(IdeEventQueue.java:625)
	at com.intellij.ide.IdeEventQueue.dispatchEvent(IdeEventQueue.java:385)
	at java.awt.EventDispatchThread.pumpOneEventForFilters(EventDispatchThread.java:201)
	at java.awt.EventDispatchThread.pumpEventsForFilter(EventDispatchThread.java:116)
	at java.awt.EventDispatchThread.pumpEventsForHierarchy(EventDispatchThread.java:105)
	at java.awt.EventDispatchThread.pumpEvents(EventDispatchThread.java:101)
	at java.awt.EventDispatchThread.pumpEvents(EventDispatchThread.java:93)
	at java.awt.EventDispatchThread.run(EventDispatchThread.java:82)
Caused by: java.io.IOException: /var/www/FlaskApp/.idea not found
	at com.intellij.openapi.components.impl.stores.StorageUtil.getOrCreateVirtualFile(StorageUtil.java:172)
	at com.intellij.configurationStore.FileBasedStorageKt.writeFile(FileBasedStorage.kt:155)
	at com.intellij.configurationStore.FileBasedStorage$FileSaveSession.saveLocally(FileBasedStorage.kt:96)
	at com.intellij.configurationStore.XmlElementStorage$XmlElementStorageSaveSession.save(XmlElementStorage.kt:147)
	at com.intellij.configurationStore.FileBasedStorage$FileSaveSession.save(FileBasedStorage.kt:81)
	at com.intellij.configurationStore.ComponentStoreImplKt.executeSave(ComponentStoreImpl.kt:446)
	at com.intellij.configurationStore.ComponentStoreImpl.doSave(ComponentStoreImpl.kt:217)
	at com.intellij.configurationStore.ComponentStoreImpl.save(ComponentStoreImpl.kt:164)
	... 50 more
[4349664]   WARN - tartup.impl.StartupManagerImpl - /var/www/FlaskApp/.idea 
java.io.FileNotFoundException: /var/www/FlaskApp/.idea
	at com.intellij.openapi.util.io.FileUtil.isFileSystemCaseSensitive(FileUtil.java:1694)
	at com.intellij.ide.startup.impl.StartupManagerImpl.checkFsSanity(StartupManagerImpl.java:249)
	at com.intellij.ide.startup.impl.StartupManagerImpl.runPostStartupActivities(StartupManagerImpl.java:171)
	at com.intellij.openapi.project.impl.ProjectManagerImpl.lambda$null$4(ProjectManagerImpl.java:343)
	at com.intellij.openapi.application.TransactionGuardImpl$6.run(TransactionGuardImpl.java:291)
	at com.intellij.openapi.application.impl.LaterInvocator$FlushQueue.runNextEvent(LaterInvocator.java:326)
	at com.intellij.openapi.application.impl.LaterInvocator$FlushQueue.run(LaterInvocator.java:310)
	at java.awt.event.InvocationEvent.dispatch(InvocationEvent.java:311)
	at java.awt.EventQueue.dispatchEventImpl(EventQueue.java:756)
	at java.awt.EventQueue.access$500(EventQueue.java:97)
	at java.awt.EventQueue$3.run(EventQueue.java:709)
	at java.awt.EventQueue$3.run(EventQueue.java:703)
	at java.security.AccessController.doPrivileged(Native Method)
	at java.security.ProtectionDomain$JavaSecurityAccessImpl.doIntersectionPrivilege(ProtectionDomain.java:80)
	at java.awt.EventQueue.dispatchEvent(EventQueue.java:726)
	at com.intellij.ide.IdeEventQueue.defaultDispatchEvent(IdeEventQueue.java:793)
	at com.intellij.ide.IdeEventQueue._dispatchEvent(IdeEventQueue.java:629)
	at com.intellij.ide.IdeEventQueue.dispatchEvent(IdeEventQueue.java:385)
	at java.awt.EventDispatchThread.pumpOneEventForFilters(EventDispatchThread.java:201)
	at java.awt.EventDispatchThread.pumpEventsForFilter(EventDispatchThread.java:116)
	at java.awt.EventDispatchThread.pumpEventsForHierarchy(EventDispatchThread.java:105)
	at java.awt.EventDispatchThread.pumpEvents(EventDispatchThread.java:101)
	at java.awt.EventDispatchThread.pumpEvents(EventDispatchThread.java:93)
	at java.awt.EventDispatchThread.run(EventDispatchThread.java:82)
[4351072]   WARN - ewvfs.persistent.RefreshWorker - [+] fs=LocalFileSystem dir=file:///home/marcus name=.gvfs 
[4359419]   WARN - python.packaging.PyPackageUtil - Cannot run program "/home/marcus/virtualenvs/erkenlabdataframeworkenv/bin/python3" (in directory "/home/marcus/virtualenvs/erkenlabdataframeworkenv/bin"): error=2, No such file or directory 
[4359616]   WARN - mponents.impl.stores.StoreUtil - Save settings failed 
java.lang.RuntimeException: java.io.IOException: /var/www/FlaskApp/.idea not found
	at com.intellij.util.lang.CompoundRuntimeException.throwIfNotEmpty(CompoundRuntimeException.java:151)
	at com.intellij.configurationStore.ComponentStoreImpl.save(ComponentStoreImpl.kt:166)
	at com.intellij.configurationStore.ProjectWithModulesStoreImpl.beforeSave(ProjectStoreImpl.kt:344)
	at com.intellij.configurationStore.ProjectStoreImpl.doSave(ProjectStoreImpl.kt:285)
	at com.intellij.configurationStore.ComponentStoreImpl.save(ComponentStoreImpl.kt:164)
	at com.intellij.openapi.components.impl.stores.StoreUtil.save(StoreUtil.java:49)
	at com.intellij.openapi.project.impl.ProjectImpl.save(ProjectImpl.java:343)
	at com.intellij.ide.SaveAndSyncHandlerImpl.doSaveDocumentsAndProjectsAndApp(SaveAndSyncHandlerImpl.java:137)
	at com.intellij.ide.SaveAndSyncHandlerImpl.saveProjectsAndDocuments(SaveAndSyncHandlerImpl.java:125)
	at com.intellij.ide.SaveAndSyncHandlerImpl$2.lambda$onFrameDeactivated$0(SaveAndSyncHandlerImpl.java:94)
	at com.intellij.openapi.application.TransactionGuardImpl.runSyncTransaction(TransactionGuardImpl.java:88)
	at com.intellij.openapi.application.TransactionGuardImpl.access$300(TransactionGuardImpl.java:40)
	at com.intellij.openapi.application.TransactionGuardImpl$1.run(TransactionGuardImpl.java:73)
	at com.intellij.openapi.application.impl.LaterInvocator$FlushQueue.runNextEvent(LaterInvocator.java:326)
	at com.intellij.openapi.application.impl.LaterInvocator$FlushQueue.run(LaterInvocator.java:310)
	at java.awt.event.InvocationEvent.dispatch(InvocationEvent.java:311)
	at java.awt.EventQueue.dispatchEventImpl(EventQueue.java:756)
	at java.awt.EventQueue.access$500(EventQueue.java:97)
	at java.awt.EventQueue$3.run(EventQueue.java:709)
	at java.awt.EventQueue$3.run(EventQueue.java:703)
	at java.security.AccessController.doPrivileged(Native Method)
	at java.security.ProtectionDomain$JavaSecurityAccessImpl.doIntersectionPrivilege(ProtectionDomain.java:80)
	at java.awt.EventQueue.dispatchEvent(EventQueue.java:726)
	at com.intellij.ide.IdeEventQueue.defaultDispatchEvent(IdeEventQueue.java:793)
	at com.intellij.ide.IdeEventQueue._dispatchEvent(IdeEventQueue.java:629)
	at com.intellij.ide.IdeEventQueue.dispatchEvent(IdeEventQueue.java:385)
	at java.awt.EventDispatchThread.pumpOneEventForFilters(EventDispatchThread.java:201)
	at java.awt.EventDispatchThread.pumpEventsForFilter(EventDispatchThread.java:116)
	at java.awt.EventDispatchThread.pumpEventsForHierarchy(EventDispatchThread.java:105)
	at java.awt.EventDispatchThread.pumpEvents(EventDispatchThread.java:101)
	at java.awt.EventDispatchThread.pumpEvents(EventDispatchThread.java:93)
	at java.awt.EventDispatchThread.run(EventDispatchThread.java:82)
Caused by: java.io.IOException: /var/www/FlaskApp/.idea not found
	at com.intellij.openapi.components.impl.stores.StorageUtil.getOrCreateVirtualFile(StorageUtil.java:172)
	at com.intellij.configurationStore.FileBasedStorageKt.writeFile(FileBasedStorage.kt:155)
	at com.intellij.configurationStore.FileBasedStorage$FileSaveSession.saveLocally(FileBasedStorage.kt:96)
	at com.intellij.configurationStore.XmlElementStorage$XmlElementStorageSaveSession.save(XmlElementStorage.kt:147)
	at com.intellij.configurationStore.FileBasedStorage$FileSaveSession.save(FileBasedStorage.kt:81)
	at com.intellij.configurationStore.ComponentStoreImplKt.executeSave(ComponentStoreImpl.kt:446)
	at com.intellij.configurationStore.ComponentStoreImpl.doSave(ComponentStoreImpl.kt:217)
	at com.intellij.configurationStore.ComponentStoreImpl.save(ComponentStoreImpl.kt:164)
	... 30 more
[4449067]   WARN - ewvfs.persistent.RefreshWorker - [+] fs=LocalFileSystem dir=file:///home/marcus name=.gvfs 
[4456788]   WARN - ains.python.sdk.SdkVersionUtil - Cannot run program "/home/marcus/virtualenvs/erkenlabdataframeworkenv/bin/python3" (in directory "/home/marcus/virtualenvs/erkenlabdataframeworkenv/bin"): error=2, No such file or directory 
com.intellij.execution.process.ProcessNotCreatedException: Cannot run program "/home/marcus/virtualenvs/erkenlabdataframeworkenv/bin/python3" (in directory "/home/marcus/virtualenvs/erkenlabdataframeworkenv/bin"): error=2, No such file or directory
	at com.intellij.execution.configurations.GeneralCommandLine.createProcess(GeneralCommandLine.java:358)
	at com.intellij.execution.process.OSProcessHandler.<init>(OSProcessHandler.java:46)
	at com.intellij.execution.process.CapturingProcessHandler.<init>(CapturingProcessHandler.java:38)
	at com.jetbrains.python.sdk.PySdkUtil.getProcessOutput(PySdkUtil.java:128)
	at com.jetbrains.python.sdk.PySdkUtil.getProcessOutput(PySdkUtil.java:111)
	at com.jetbrains.python.sdk.PythonSdkType.getSysPathsFromScript(PythonSdkType.java:616)
	at com.jetbrains.python.sdk.PythonSdkType.getSysPath(PythonSdkType.java:602)
	at com.jetbrains.python.sdk.PythonSdkUpdater.evaluateSysPath(PythonSdkUpdater.java:398)
	at com.jetbrains.python.sdk.PythonSdkUpdater.getLocalSdkPaths(PythonSdkUpdater.java:278)
	at com.jetbrains.python.sdk.PythonSdkUpdater.updateLocalSdkPaths(PythonSdkUpdater.java:234)
	at com.jetbrains.python.sdk.PythonSdkUpdater.update(PythonSdkUpdater.java:118)
	at com.jetbrains.python.sdk.PythonSdkUpdater$1.run(PythonSdkUpdater.java:92)
	at com.intellij.openapi.progress.impl.CoreProgressManager$TaskRunnable.run(CoreProgressManager.java:635)
	at com.intellij.openapi.progress.impl.CoreProgressManager$3.run(CoreProgressManager.java:170)
	at com.intellij.openapi.progress.impl.CoreProgressManager.registerIndicatorAndRun(CoreProgressManager.java:494)
	at com.intellij.openapi.progress.impl.CoreProgressManager.executeProcessUnderProgress(CoreProgressManager.java:443)
	at com.intellij.openapi.progress.impl.ProgressManagerImpl.executeProcessUnderProgress(ProgressManagerImpl.java:54)
	at com.intellij.openapi.progress.impl.CoreProgressManager.runProcess(CoreProgressManager.java:155)
	at com.intellij.openapi.progress.impl.ProgressManagerImpl$1.run(ProgressManagerImpl.java:128)
	at com.intellij.openapi.application.impl.ApplicationImpl$2.run(ApplicationImpl.java:307)
	at java.util.concurrent.Executors$RunnableAdapter.call(Executors.java:511)
	at java.util.concurrent.FutureTask.run(FutureTask.java:266)
	at java.util.concurrent.ThreadPoolExecutor.runWorker(ThreadPoolExecutor.java:1142)
	at java.util.concurrent.ThreadPoolExecutor$Worker.run(ThreadPoolExecutor.java:617)
	at java.lang.Thread.run(Thread.java:745)
Caused by: java.io.IOException: Cannot run program "/home/marcus/virtualenvs/erkenlabdataframeworkenv/bin/python3" (in directory "/home/marcus/virtualenvs/erkenlabdataframeworkenv/bin"): error=2, No such file or directory
	at java.lang.ProcessBuilder.start(ProcessBuilder.java:1048)
	at com.intellij.execution.configurations.GeneralCommandLine.startProcess(GeneralCommandLine.java:368)
	at com.intellij.execution.configurations.GeneralCommandLine.createProcess(GeneralCommandLine.java:354)
	... 24 more
Caused by: java.io.IOException: error=2, No such file or directory
	at java.lang.UNIXProcess.forkAndExec(Native Method)
	at java.lang.UNIXProcess.<init>(UNIXProcess.java:247)
	at java.lang.ProcessImpl.start(ProcessImpl.java:134)
	at java.lang.ProcessBuilder.start(ProcessBuilder.java:1029)
	... 26 more
[4497611]   WARN - ewvfs.persistent.RefreshWorker - [+] fs=LocalFileSystem dir=file:///home/marcus name=.gvfs 
[5543963]   WARN - mponents.impl.stores.StoreUtil - Save settings failed 
java.lang.RuntimeException: java.io.IOException: /var/www/FlaskApp/.idea not found
	at com.intellij.util.lang.CompoundRuntimeException.throwIfNotEmpty(CompoundRuntimeException.java:151)
	at com.intellij.configurationStore.ComponentStoreImpl.save(ComponentStoreImpl.kt:166)
	at com.intellij.configurationStore.ProjectWithModulesStoreImpl.beforeSave(ProjectStoreImpl.kt:344)
	at com.intellij.configurationStore.ProjectStoreImpl.doSave(ProjectStoreImpl.kt:285)
	at com.intellij.configurationStore.ComponentStoreImpl.save(ComponentStoreImpl.kt:164)
	at com.intellij.openapi.components.impl.stores.StoreUtil.save(StoreUtil.java:49)
	at com.intellij.openapi.project.impl.ProjectImpl.save(ProjectImpl.java:343)
	at com.intellij.openapi.project.impl.ProjectManagerImpl.closeProject(ProjectManagerImpl.java:557)
	at com.intellij.openapi.project.impl.ProjectManagerImpl.closeAndDispose(ProjectManagerImpl.java:590)
	at com.intellij.ide.impl.ProjectUtil.closeAndDispose(ProjectUtil.java:89)
	at com.intellij.ide.actions.CloseProjectAction.actionPerformed(CloseProjectAction.java:35)
	at com.intellij.openapi.actionSystem.ex.ActionUtil$1.run(ActionUtil.java:197)
	at com.intellij.openapi.application.TransactionGuardImpl.runSyncTransaction(TransactionGuardImpl.java:88)
	at com.intellij.openapi.application.TransactionGuardImpl.submitTransactionAndWait(TransactionGuardImpl.java:156)
	at com.intellij.openapi.actionSystem.ex.ActionUtil.performActionDumbAware(ActionUtil.java:211)
	at com.intellij.openapi.actionSystem.impl.ActionMenuItem$ActionTransmitter.lambda$actionPerformed$2(ActionMenuItem.java:304)
	at com.intellij.openapi.wm.impl.FocusManagerImpl.runOnOwnContext(FocusManagerImpl.java:905)
	at com.intellij.openapi.wm.impl.IdeFocusManagerImpl.runOnOwnContext(IdeFocusManagerImpl.java:124)
	at com.intellij.openapi.actionSystem.impl.ActionMenuItem$ActionTransmitter.actionPerformed(ActionMenuItem.java:284)
	at javax.swing.AbstractButton.fireActionPerformed(AbstractButton.java:2022)
	at com.intellij.openapi.actionSystem.impl.ActionMenuItem.lambda$fireActionPerformed$0(ActionMenuItem.java:112)
	at com.intellij.openapi.application.TransactionGuardImpl.runSyncTransaction(TransactionGuardImpl.java:88)
	at com.intellij.openapi.application.TransactionGuardImpl.access$300(TransactionGuardImpl.java:40)
	at com.intellij.openapi.application.TransactionGuardImpl$2.run(TransactionGuardImpl.java:113)
	at com.intellij.openapi.application.TransactionGuardImpl.submitTransaction(TransactionGuardImpl.java:123)
	at com.intellij.openapi.application.TransactionGuard.submitTransaction(TransactionGuard.java:109)
	at com.intellij.openapi.actionSystem.impl.ActionMenuItem.fireActionPerformed(ActionMenuItem.java:112)
	at com.intellij.ui.plaf.beg.BegMenuItemUI.doClick(BegMenuItemUI.java:513)
	at com.intellij.ui.plaf.beg.BegMenuItemUI.access$300(BegMenuItemUI.java:45)
	at com.intellij.ui.plaf.beg.BegMenuItemUI$MyMouseInputHandler.mouseReleased(BegMenuItemUI.java:533)
	at java.awt.Component.processMouseEvent(Component.java:6533)
	at javax.swing.JComponent.processMouseEvent(JComponent.java:3324)
	at java.awt.Component.processEvent(Component.java:6298)
	at java.awt.Container.processEvent(Container.java:2236)
	at java.awt.Component.dispatchEventImpl(Component.java:4889)
	at java.awt.Container.dispatchEventImpl(Container.java:2294)
	at java.awt.Component.dispatchEvent(Component.java:4711)
	at java.awt.LightweightDispatcher.retargetMouseEvent(Container.java:4888)
	at java.awt.LightweightDispatcher.processMouseEvent(Container.java:4525)
	at java.awt.LightweightDispatcher.dispatchEvent(Container.java:4466)
	at java.awt.Container.dispatchEventImpl(Container.java:2280)
	at java.awt.Window.dispatchEventImpl(Window.java:2746)
	at java.awt.Component.dispatchEvent(Component.java:4711)
	at java.awt.EventQueue.dispatchEventImpl(EventQueue.java:758)
	at java.awt.EventQueue.access$500(EventQueue.java:97)
	at java.awt.EventQueue$3.run(EventQueue.java:709)
	at java.awt.EventQueue$3.run(EventQueue.java:703)
	at java.security.AccessController.doPrivileged(Native Method)
	at java.security.ProtectionDomain$JavaSecurityAccessImpl.doIntersectionPrivilege(ProtectionDomain.java:80)
	at java.security.ProtectionDomain$JavaSecurityAccessImpl.doIntersectionPrivilege(ProtectionDomain.java:90)
	at java.awt.EventQueue$4.run(EventQueue.java:731)
	at java.awt.EventQueue$4.run(EventQueue.java:729)
	at java.security.AccessController.doPrivileged(Native Method)
	at java.security.ProtectionDomain$JavaSecurityAccessImpl.doIntersectionPrivilege(ProtectionDomain.java:80)
	at java.awt.EventQueue.dispatchEvent(EventQueue.java:728)
	at com.intellij.ide.IdeEventQueue.defaultDispatchEvent(IdeEventQueue.java:793)
	at com.intellij.ide.IdeEventQueue._dispatchEvent(IdeEventQueue.java:625)
	at com.intellij.ide.IdeEventQueue.dispatchEvent(IdeEventQueue.java:385)
	at java.awt.EventDispatchThread.pumpOneEventForFilters(EventDispatchThread.java:201)
	at java.awt.EventDispatchThread.pumpEventsForFilter(EventDispatchThread.java:116)
	at java.awt.EventDispatchThread.pumpEventsForHierarchy(EventDispatchThread.java:105)
	at java.awt.EventDispatchThread.pumpEvents(EventDispatchThread.java:101)
	at java.awt.EventDispatchThread.pumpEvents(EventDispatchThread.java:93)
	at java.awt.EventDispatchThread.run(EventDispatchThread.java:82)
Caused by: java.io.IOException: /var/www/FlaskApp/.idea not found
	at com.intellij.openapi.components.impl.stores.StorageUtil.getOrCreateVirtualFile(StorageUtil.java:172)
	at com.intellij.configurationStore.FileBasedStorageKt.writeFile(FileBasedStorage.kt:155)
	at com.intellij.configurationStore.FileBasedStorage$FileSaveSession.saveLocally(FileBasedStorage.kt:96)
	at com.intellij.configurationStore.XmlElementStorage$XmlElementStorageSaveSession.save(XmlElementStorage.kt:147)
	at com.intellij.configurationStore.FileBasedStorage$FileSaveSession.save(FileBasedStorage.kt:81)
	at com.intellij.configurationStore.ComponentStoreImplKt.executeSave(ComponentStoreImpl.kt:446)
	at com.intellij.configurationStore.ComponentStoreImpl.doSave(ComponentStoreImpl.kt:217)
	at com.intellij.configurationStore.ComponentStoreImpl.save(ComponentStoreImpl.kt:164)
	... 62 more
[5548394]   WARN - ewvfs.persistent.RefreshWorker - [+] fs=LocalFileSystem dir=file:///home/marcus name=.gvfs 
[5577683]   WARN - ewvfs.persistent.RefreshWorker - [+] fs=LocalFileSystem dir=file:///home/marcus name=.gvfs 
[5579178]   WARN - ewvfs.persistent.RefreshWorker - [+] fs=LocalFileSystem dir=file:///home/marcus name=.gvfs 
[5652548]   WARN - ewvfs.persistent.RefreshWorker - [+] fs=LocalFileSystem dir=file:///home/marcus name=.gvfs 
[  58908]   WARN - tectAndAdjustIndentOptionsTask - Indent detection is too long for: flaskapp.wsgi 
[  58909]   WARN - tectAndAdjustIndentOptionsTask - Indent detection is too long for: __init__.py 
[4353:4353:1108/111337:ERROR:navigation_entry_screenshot_manager.cc(141)] Invalid entry with unique id: 174

** (gnome-terminal.real:10156): WARNING **: Couldn't register with accessibility bus: Did not receive a reply. Possible causes include: the remote application did not send a reply, the message bus security policy blocked the reply, the reply timeout expired, or the network connection was broken.

(nautilus:10340): GLib-GIO-CRITICAL **: g_dbus_interface_skeleton_unexport: assertion 'interface_->priv->connections != NULL' failed

(nautilus:10340): GLib-GIO-CRITICAL **: g_dbus_interface_skeleton_unexport: assertion 'interface_->priv->connections != NULL' failed

(nautilus:10340): Gtk-CRITICAL **: gtk_icon_theme_get_for_screen: assertion 'GDK_IS_SCREEN (screen)' failed

(nautilus:10340): GLib-GObject-WARNING **: invalid (NULL) pointer instance

(nautilus:10340): GLib-GObject-CRITICAL **: g_signal_connect_object: assertion 'G_TYPE_CHECK_INSTANCE (instance)' failed

** (gnome-terminal.real:10370): WARNING **: Couldn't register with accessibility bus: Did not receive a reply. Possible causes include: the remote application did not send a reply, the message bus security policy blocked the reply, the reply timeout expired, or the network connection was broken.
